<?xml version="1.0" encoding="utf-8"?><testsuites name="pytest tests"><testsuite name="pytest" errors="0" failures="0" skipped="0" tests="8" time="3.495" timestamp="2026-05-05T18:45:01.470201+00:00" hostname="agent-env-6036ef4e-01d9-4390-b15c-d42791a4a035"><testcase classname="backend.tests.test_blog_importer.TestExtendedCreate" name="test_create_with_extended_fields_persists_all" time="0.755" /><testcase classname="backend.tests.test_blog_importer.TestExtendedUpdate" name="test_update_extended_fields" time="0.504" /><testcase classname="backend.tests.test_blog_importer.TestPublicGet" name="test_published_post_exposes_extended_fields" time="0.464" /><testcase classname="backend.tests.test_blog_importer.TestPublicGet" name="test_unpublished_post_returns_404_publicly" time="0.494" /><testcase classname="backend.tests.test_blog_importer.TestValidation" name="test_empty_faq_q_rejected" time="0.244" /><testcase classname="backend.tests.test_blog_importer.TestValidation" name="test_empty_faq_a_rejected" time="0.201" /><testcase classname="backend.tests.test_blog_importer.TestValidation" name="test_missing_link_url_rejected" time="0.218" /><testcase classname="backend.tests.test_blog_importer.TestRegression" name="test_simple_post_create_list_delete" time="0.535" /></testsuite></testsuites>