<?xml version="1.0" encoding="utf-8"?><testsuites name="pytest tests"><testsuite name="pytest" errors="0" failures="0" skipped="0" tests="18" time="50.454" timestamp="2026-04-02T10:03:37.207887+00:00" hostname="agent-env-6036ef4e-01d9-4390-b15c-d42791a4a035"><testcase classname="backend.tests.test_clinic_verification_panel.TestClinicVerificationPanel" name="test_get_clinic_accounts_returns_list" time="0.712" /><testcase classname="backend.tests.test_clinic_verification_panel.TestClinicVerificationPanel" name="test_get_clinic_accounts_has_required_fields" time="0.634" /><testcase classname="backend.tests.test_clinic_verification_panel.TestClinicVerificationPanel" name="test_get_clinic_accounts_requires_auth" time="0.640" /><testcase classname="backend.tests.test_clinic_verification_panel.TestClinicVerificationPanel" name="test_assign_clinic_success" time="0.632" /><testcase classname="backend.tests.test_clinic_verification_panel.TestClinicVerificationPanel" name="test_assign_clinic_returns_clinic_name" time="0.688" /><testcase classname="backend.tests.test_clinic_verification_panel.TestClinicVerificationPanel" name="test_assign_clinic_missing_clinic_id" time="0.655" /><testcase classname="backend.tests.test_clinic_verification_panel.TestClinicVerificationPanel" name="test_assign_clinic_invalid_clinic_id" time="0.663" /><testcase classname="backend.tests.test_clinic_verification_panel.TestClinicVerificationPanel" name="test_assign_clinic_invalid_lead_id" time="0.649" /><testcase classname="backend.tests.test_clinic_verification_panel.TestClinicVerificationPanel" name="test_assign_clinic_requires_auth" time="0.643" /><testcase classname="backend.tests.test_clinic_verification_panel.TestClinicVerificationPanel" name="test_send_verification_requires_assigned_clinic" time="0.674" /><testcase classname="backend.tests.test_clinic_verification_panel.TestClinicVerificationPanel" name="test_send_verification_requires_email" time="0.651" /><testcase classname="backend.tests.test_clinic_verification_panel.TestClinicVerificationPanel" name="test_send_verification_invalid_lead" time="0.657" /><testcase classname="backend.tests.test_clinic_verification_panel.TestClinicVerificationPanel" name="test_send_verification_requires_auth" time="0.642" /><testcase classname="backend.tests.test_clinic_verification_panel.TestClinicVerificationPanel" name="test_send_verification_success_or_warning" time="0.635" /><testcase classname="backend.tests.test_clinic_verification_panel.TestClinicVerificationPanel" name="test_lead_has_verification_status_field" time="0.526" /><testcase classname="backend.tests.test_clinic_verification_panel.TestClinicVerificationPanel" name="test_verification_status_values" time="36.478" /><testcase classname="backend.tests.test_clinic_verification_panel.TestClinicVerificationPanel" name="test_find_verified_lead" time="0.551" /><testcase classname="backend.tests.test_clinic_verification_panel.TestClinicVerificationPanel" name="test_find_flagged_lead" time="3.655" /></testsuite></testsuites>