<?xml version="1.0" encoding="utf-8"?><testsuites name="pytest tests"><testsuite name="pytest" errors="0" failures="0" skipped="1" tests="15" time="4.903" timestamp="2026-04-02T06:49:01.599310+00:00" hostname="agent-env-6036ef4e-01d9-4390-b15c-d42791a4a035"><testcase classname="backend.tests.test_clinic_password_profile.TestPasswordChange" name="test_change_password_wrong_current_password" time="0.798" /><testcase classname="backend.tests.test_clinic_password_profile.TestPasswordChange" name="test_change_password_too_short" time="0.322" /><testcase classname="backend.tests.test_clinic_password_profile.TestPasswordChange" name="test_change_password_success_and_restore" time="2.141" /><testcase classname="backend.tests.test_clinic_password_profile.TestPasswordChange" name="test_change_password_requires_auth" time="0.100" /><testcase classname="backend.tests.test_clinic_password_profile.TestProfileUpdate" name="test_profile_get_returns_all_fields" time="0.103" /><testcase classname="backend.tests.test_clinic_password_profile.TestProfileUpdate" name="test_profile_update_address" time="0.107" /><testcase classname="backend.tests.test_clinic_password_profile.TestProfileUpdate" name="test_profile_update_website" time="0.097" /><testcase classname="backend.tests.test_clinic_password_profile.TestProfileUpdate" name="test_profile_update_company_name" time="0.099" /><testcase classname="backend.tests.test_clinic_password_profile.TestProfileUpdate" name="test_profile_update_eik" time="0.115" /><testcase classname="backend.tests.test_clinic_password_profile.TestProfileUpdate" name="test_profile_update_mol" time="0.102" /><testcase classname="backend.tests.test_clinic_password_profile.TestProfileUpdate" name="test_profile_update_description" time="0.096" /><testcase classname="backend.tests.test_clinic_password_profile.TestProfileUpdate" name="test_profile_update_multiple_fields" time="0.100" /><testcase classname="backend.tests.test_clinic_password_profile.TestProfileUpdate" name="test_profile_update_requires_auth" time="0.151" /><testcase classname="backend.tests.test_clinic_password_profile.TestAdminApproveWelcomeEmail" name="test_get_pending_applications" time="0.424" /><testcase classname="backend.tests.test_clinic_password_profile.TestAdminApproveWelcomeEmail" name="test_approve_application_creates_account_and_sends_email" time="0.096"><skipped type="pytest.skip" message="No pending applications to test approval flow">/app/backend/tests/test_clinic_password_profile.py:299: No pending applications to test approval flow</skipped></testcase></testsuite></testsuites>