<?xml version="1.0" encoding="utf-8"?><testsuites name="pytest tests"><testsuite name="pytest" errors="0" failures="2" skipped="0" tests="18" time="8.445" timestamp="2026-04-01T22:50:02.498873+00:00" hostname="agent-env-6036ef4e-01d9-4390-b15c-d42791a4a035"><testcase classname="backend.tests.test_clinic_applications_admin.TestAdminClinicApplications" name="test_admin_login_returns_access_token" time="0.732" /><testcase classname="backend.tests.test_clinic_applications_admin.TestAdminClinicApplications" name="test_get_clinic_applications_requires_auth" time="0.471" /><testcase classname="backend.tests.test_clinic_applications_admin.TestAdminClinicApplications" name="test_get_clinic_applications_success" time="0.404" /><testcase classname="backend.tests.test_clinic_applications_admin.TestAdminClinicApplications" name="test_get_clinic_applications_sorted_by_created_at_desc" time="0.394" /><testcase classname="backend.tests.test_clinic_applications_admin.TestAdminClinicApplications" name="test_application_has_required_fields" time="0.381" /><testcase classname="backend.tests.test_clinic_applications_admin.TestAdminClinicApplications" name="test_application_has_detail_fields" time="0.396" /><testcase classname="backend.tests.test_clinic_applications_admin.TestAdminClinicApplications" name="test_patch_application_status_pending" time="0.483" /><testcase classname="backend.tests.test_clinic_applications_admin.TestAdminClinicApplications" name="test_patch_application_status_approved" time="0.496" /><testcase classname="backend.tests.test_clinic_applications_admin.TestAdminClinicApplications" name="test_patch_application_status_rejected" time="0.485" /><testcase classname="backend.tests.test_clinic_applications_admin.TestAdminClinicApplications" name="test_patch_application_status_waiting_list" time="0.583" /><testcase classname="backend.tests.test_clinic_applications_admin.TestAdminClinicApplications" name="test_patch_application_notes" time="0.548" /><testcase classname="backend.tests.test_clinic_applications_admin.TestAdminClinicApplications" name="test_patch_application_status_and_notes_together" time="0.488" /><testcase classname="backend.tests.test_clinic_applications_admin.TestAdminClinicApplications" name="test_patch_application_invalid_fields_rejected" time="0.452" /><testcase classname="backend.tests.test_clinic_applications_admin.TestAdminClinicApplications" name="test_patch_nonexistent_application" time="0.382" /><testcase classname="backend.tests.test_clinic_applications_admin.TestAdminClinicApplications" name="test_patch_requires_auth" time="0.528" /><testcase classname="backend.tests.test_clinic_applications_admin.TestAdminClinicApplications" name="test_status_values_are_valid" time="0.381"><failure message="AssertionError: Invalid status: new&#10;assert 'new' in {'approved', 'pending', 'rejected', 'waiting_list'}">backend/tests/test_clinic_applications_admin.py:282: in test_status_values_are_valid
    assert app["status"] in valid_statuses, f"Invalid status: {app['status']}"
E   AssertionError: Invalid status: new
E   assert 'new' in {'approved', 'pending', 'rejected', 'waiting_list'}</failure></testcase><testcase classname="backend.tests.test_clinic_applications_admin.TestClinicApplicationsDataIntegrity" name="test_services_are_boolean" time="0.378"><failure message="AssertionError: offers_aligners not bool: &lt;class 'NoneType'&gt;&#10;assert False&#10; +  where False = isinstance(None, bool)&#10; +    where None = &lt;built-in method get of dict object at 0xf897f44892c0&gt;('offers_aligners')&#10; +      where &lt;built-in method get of dict object at 0xf897f44892c0&gt; = {'city': 'София', 'clinic_name': 'Тест Клиника', 'contact_name': 'Д-р Тест', 'created_at': '2026-04-01T14:05:47.405130+00:00', ...}.get">backend/tests/test_clinic_applications_admin.py:308: in test_services_are_boolean
    assert isinstance(app.get("offers_aligners"), bool), f"offers_aligners not bool: {type(app.get('offers_aligners'))}"
E   AssertionError: offers_aligners not bool: &lt;class 'NoneType'&gt;
E   assert False
E    +  where False = isinstance(None, bool)
E    +    where None = &lt;built-in method get of dict object at 0xf897f44892c0&gt;('offers_aligners')
E    +      where &lt;built-in method get of dict object at 0xf897f44892c0&gt; = {'city': 'София', 'clinic_name': 'Тест Клиника', 'contact_name': 'Д-р Тест', 'created_at': '2026-04-01T14:05:47.405130+00:00', ...}.get</failure></testcase><testcase classname="backend.tests.test_clinic_applications_admin.TestClinicApplicationsDataIntegrity" name="test_created_at_is_iso_format" time="0.375" /></testsuite></testsuites>