<?xml version="1.0" encoding="utf-8"?><testsuites name="pytest tests"><testsuite name="pytest" errors="0" failures="2" skipped="1" tests="26" time="7.473" timestamp="2026-04-01T23:28:32.839436+00:00" hostname="agent-env-6036ef4e-01d9-4390-b15c-d42791a4a035"><testcase classname="backend.tests.test_clinic_features.TestClinicLogin" name="test_clinic_login_success" time="0.394" /><testcase classname="backend.tests.test_clinic_features.TestClinicLogin" name="test_clinic_login_invalid_credentials" time="0.286" /><testcase classname="backend.tests.test_clinic_features.TestClinicLogin" name="test_clinic_login_wrong_password" time="0.383" /><testcase classname="backend.tests.test_clinic_features.TestClinicLogin" name="test_clinic_login_email_case_insensitive" time="0.419" /><testcase classname="backend.tests.test_clinic_features.TestClinicDashboard" name="test_dashboard_returns_stats" time="0.511" /><testcase classname="backend.tests.test_clinic_features.TestClinicDashboard" name="test_dashboard_requires_auth" time="0.137" /><testcase classname="backend.tests.test_clinic_features.TestClinicDashboard" name="test_dashboard_rejects_admin_token" time="0.468" /><testcase classname="backend.tests.test_clinic_features.TestClinicLeads" name="test_leads_returns_list" time="0.141" /><testcase classname="backend.tests.test_clinic_features.TestClinicLeads" name="test_leads_requires_auth" time="0.140" /><testcase classname="backend.tests.test_clinic_features.TestClinicLeadStatusUpdate" name="test_update_lead_status_to_contacted" time="0.518" /><testcase classname="backend.tests.test_clinic_features.TestClinicLeadStatusUpdate" name="test_update_lead_status_to_no_response" time="0.464" /><testcase classname="backend.tests.test_clinic_features.TestClinicLeadStatusUpdate" name="test_update_nonexistent_lead_returns_404" time="0.134" /><testcase classname="backend.tests.test_clinic_features.TestClinicLeadStatusUpdate" name="test_update_unassigned_lead_returns_404" time="0.369" /><testcase classname="backend.tests.test_clinic_features.TestClinicProfile" name="test_get_profile" time="0.106" /><testcase classname="backend.tests.test_clinic_features.TestClinicProfile" name="test_update_profile_clinic_name" time="0.331" /><testcase classname="backend.tests.test_clinic_features.TestClinicProfile" name="test_update_profile_phone" time="0.412" /><testcase classname="backend.tests.test_clinic_features.TestClinicProfile" name="test_update_profile_city" time="0.363" /><testcase classname="backend.tests.test_clinic_features.TestClinicProfile" name="test_profile_requires_auth" time="0.101" /><testcase classname="backend.tests.test_clinic_features.TestAdminClinicApproval" name="test_approve_creates_clinic_account" time="0.453"><failure message="AssertionError: Expected 200, got 500: Internal Server Error&#10;assert 500 == 200&#10; +  where 500 = &lt;Response [500]&gt;.status_code">backend/tests/test_clinic_features.py:397: in test_approve_creates_clinic_account
    assert response.status_code == 200, f"Expected 200, got {response.status_code}: {response.text}"
E   AssertionError: Expected 200, got 500: Internal Server Error
E   assert 500 == 200
E    +  where 500 = &lt;Response [500]&gt;.status_code</failure></testcase><testcase classname="backend.tests.test_clinic_features.TestAdminLeadAssignment" name="test_assign_lead_to_clinic" time="0.327" /><testcase classname="backend.tests.test_clinic_features.TestAdminLeadAssignment" name="test_assign_lead_requires_clinic_id" time="0.219" /><testcase classname="backend.tests.test_clinic_features.TestAdminLeadAssignment" name="test_assign_lead_invalid_clinic_returns_404" time="0.215" /><testcase classname="backend.tests.test_clinic_features.TestAdminClinicAccounts" name="test_list_clinic_accounts" time="0.121" /><testcase classname="backend.tests.test_clinic_features.TestAdminClinicAccounts" name="test_clinic_accounts_requires_admin_auth" time="0.102" /><testcase classname="backend.tests.test_clinic_features.TestAdminClinicAccounts" name="test_clinic_accounts_rejects_clinic_token" time="0.117"><failure message="AssertionError: Expected 403 for clinic token, got 500&#10;assert 500 == 403&#10; +  where 500 = &lt;Response [500]&gt;.status_code">backend/tests/test_clinic_features.py:542: in test_clinic_accounts_rejects_clinic_token
    assert response.status_code == 403, f"Expected 403 for clinic token, got {response.status_code}"
E   AssertionError: Expected 403 for clinic token, got 500
E   assert 500 == 403
E    +  where 500 = &lt;Response [500]&gt;.status_code</failure></testcase><testcase classname="backend.tests.test_clinic_features.TestPausedClinicLogin" name="test_paused_clinic_gets_403" time="0.121"><skipped type="pytest.skip" message="No paused clinic accounts to test">/app/backend/tests/test_clinic_features.py:560: No paused clinic accounts to test</skipped></testcase></testsuite></testsuites>