<?xml version="1.0" encoding="utf-8"?><testsuites name="pytest tests"><testsuite name="pytest" errors="0" failures="0" skipped="0" tests="25" time="6.634" timestamp="2026-05-09T21:32:56.176718+00:00" hostname="agent-env-6036ef4e-01d9-4390-b15c-d42791a4a035"><testcase classname="tests.test_consultation_workflow" name="test_01_admin_create_clinic" time="1.159" /><testcase classname="tests.test_consultation_workflow" name="test_02_admin_update_clinic" time="0.114" /><testcase classname="tests.test_consultation_workflow" name="test_17a_admin_update_clinic_invalid_status" time="0.103" /><testcase classname="tests.test_consultation_workflow" name="test_17b_admin_create_clinic_invalid_status" time="0.145" /><testcase classname="tests.test_consultation_workflow" name="test_03_assign_clinic_creates_consultation_request" time="1.147" /><testcase classname="tests.test_consultation_workflow" name="test_05_clinic_listing_isolation" time="0.269" /><testcase classname="tests.test_consultation_workflow" name="test_06_clinic_first_view_transitions" time="0.120" /><testcase classname="tests.test_consultation_workflow" name="test_07_call_attempted" time="0.125" /><testcase classname="tests.test_consultation_workflow" name="test_08_book_consultation" time="0.142" /><testcase classname="tests.test_consultation_workflow" name="test_17c_book_without_appointment" time="0.674" /><testcase classname="tests.test_consultation_workflow" name="test_17d_invalid_action_type" time="0.106" /><testcase classname="tests.test_consultation_workflow" name="test_09_clinic_appointments_lists_booked" time="0.104" /><testcase classname="tests.test_consultation_workflow" name="test_10_mark_attended" time="0.253" /><testcase classname="tests.test_consultation_workflow" name="test_11_dashboard_overview" time="0.116" /><testcase classname="tests.test_consultation_workflow" name="test_12_clinic_performance" time="0.111" /><testcase classname="tests.test_consultation_workflow" name="test_13_access_control_get_other_clinic_request" time="0.718" /><testcase classname="tests.test_consultation_workflow" name="test_14_access_control_patch_other_clinic_appointment" time="0.234" /><testcase classname="tests.test_consultation_workflow" name="test_15_admin_event_timeline" time="0.105" /><testcase classname="tests.test_consultation_workflow" name="test_16_regression_admin_endpoints[/admin/leads]" time="0.118" /><testcase classname="tests.test_consultation_workflow" name="test_16_regression_admin_endpoints[/admin/analytics]" time="0.115" /><testcase classname="tests.test_consultation_workflow" name="test_16_regression_admin_endpoints[/blog/posts]" time="0.132" /><testcase classname="tests.test_consultation_workflow" name="test_16_regression_admin_endpoints[/admin/clinic-accounts]" time="0.109" /><testcase classname="tests.test_consultation_workflow" name="test_16_regression_admin_endpoints[/admin/clinic-applications]" time="0.104" /><testcase classname="tests.test_consultation_workflow" name="test_16b_regression_blog_posts_public" time="0.108" /><testcase classname="tests.test_consultation_workflow" name="test_16c_regression_post_lead" time="0.121" /></testsuite></testsuites>