<?xml version="1.0" encoding="utf-8"?><testsuites name="pytest tests"><testsuite name="pytest" errors="0" failures="0" skipped="0" tests="16" time="4.274" timestamp="2026-02-24T19:59:19.564324+00:00" hostname="agent-env-f788e2b5-d452-4425-9846-f03a55495e0e"><testcase classname="backend.tests.test_api.TestHealthAndBasicEndpoints" name="test_api_root" time="0.255" /><testcase classname="backend.tests.test_api.TestHealthAndBasicEndpoints" name="test_get_cities" time="0.229" /><testcase classname="backend.tests.test_api.TestHealthAndBasicEndpoints" name="test_get_city_detail" time="0.164" /><testcase classname="backend.tests.test_api.TestHealthAndBasicEndpoints" name="test_get_city_not_found" time="0.147" /><testcase classname="backend.tests.test_api.TestLeadCreation" name="test_create_lead_invisalign_green_band" time="0.219" /><testcase classname="backend.tests.test_api.TestLeadCreation" name="test_create_lead_implants_yellow_band" time="0.132" /><testcase classname="backend.tests.test_api.TestLeadCreation" name="test_create_lead_full_mouth_red_band" time="0.151" /><testcase classname="backend.tests.test_api.TestLeadCreation" name="test_travel_restriction_caps_band" time="0.154" /><testcase classname="backend.tests.test_api.TestLeadContactUpdate" name="test_update_lead_contact_triggers_email" time="0.308" /><testcase classname="backend.tests.test_api.TestLeadContactUpdate" name="test_get_lead_after_contact_update" time="0.471" /><testcase classname="backend.tests.test_api.TestAdminAuthentication" name="test_admin_login_success" time="0.353" /><testcase classname="backend.tests.test_api.TestAdminAuthentication" name="test_admin_login_invalid_credentials" time="0.351" /><testcase classname="backend.tests.test_api.TestAdminAuthentication" name="test_admin_leads_requires_auth" time="0.130" /><testcase classname="backend.tests.test_api.TestAdminAuthentication" name="test_admin_leads_with_auth" time="0.491" /><testcase classname="backend.tests.test_api.TestAdminAuthentication" name="test_admin_stats" time="0.485" /><testcase classname="backend.tests.test_api.TestClinics" name="test_get_clinics" time="0.157" /></testsuite></testsuites>