<?xml version="1.0" encoding="utf-8"?><testsuites name="pytest tests"><testsuite name="pytest" errors="0" failures="1" skipped="0" tests="16" time="3.515" timestamp="2026-03-05T15:27:19.681778+00:00" hostname="agent-env-c38a4383-3fc8-42b5-bf6b-a7185b9e3d74"><testcase classname="backend.tests.test_api.TestHealthAndBasicEndpoints" name="test_api_root" time="0.203" /><testcase classname="backend.tests.test_api.TestHealthAndBasicEndpoints" name="test_get_cities" time="0.129"><failure message="AssertionError: assert 3 == 4&#10; +  where 3 = len([{'city_name': 'София', 'city_slug': 'sofia'}, {'city_name': 'Пловдив', 'city_slug': 'plovdiv'}, {'city_name': 'Варна', 'city_slug': 'varna'}])">backend/tests/test_api.py:29: in test_get_cities
    assert len(cities) == 4
E   AssertionError: assert 3 == 4
E    +  where 3 = len([{'city_name': 'София', 'city_slug': 'sofia'}, {'city_name': 'Пловдив', 'city_slug': 'plovdiv'}, {'city_name': 'Варна', 'city_slug': 'varna'}])</failure></testcase><testcase classname="backend.tests.test_api.TestHealthAndBasicEndpoints" name="test_get_city_detail" time="0.109" /><testcase classname="backend.tests.test_api.TestHealthAndBasicEndpoints" name="test_get_city_not_found" time="0.117" /><testcase classname="backend.tests.test_api.TestLeadCreation" name="test_create_lead_invisalign_green_band" time="0.123" /><testcase classname="backend.tests.test_api.TestLeadCreation" name="test_create_lead_implants_yellow_band" time="0.112" /><testcase classname="backend.tests.test_api.TestLeadCreation" name="test_create_lead_full_mouth_red_band" time="0.124" /><testcase classname="backend.tests.test_api.TestLeadCreation" name="test_travel_restriction_caps_band" time="0.149" /><testcase classname="backend.tests.test_api.TestLeadContactUpdate" name="test_update_lead_contact_triggers_email" time="0.227" /><testcase classname="backend.tests.test_api.TestLeadContactUpdate" name="test_get_lead_after_contact_update" time="0.352" /><testcase classname="backend.tests.test_api.TestAdminAuthentication" name="test_admin_login_success" time="0.330" /><testcase classname="backend.tests.test_api.TestAdminAuthentication" name="test_admin_login_invalid_credentials" time="0.339" /><testcase classname="backend.tests.test_api.TestAdminAuthentication" name="test_admin_leads_requires_auth" time="0.114" /><testcase classname="backend.tests.test_api.TestAdminAuthentication" name="test_admin_leads_with_auth" time="0.450" /><testcase classname="backend.tests.test_api.TestAdminAuthentication" name="test_admin_stats" time="0.448" /><testcase classname="backend.tests.test_api.TestClinics" name="test_get_clinics" time="0.113" /></testsuite></testsuites>