<?xml version="1.0" encoding="utf-8"?><testsuites name="pytest tests"><testsuite name="pytest" errors="0" failures="0" skipped="0" tests="22" time="11.216" timestamp="2026-04-02T12:36:05.805761+00:00" hostname="agent-env-6036ef4e-01d9-4390-b15c-d42791a4a035"><testcase classname="tests.test_refactored_api.TestPublicEndpoints" name="test_root_endpoint" time="0.258" /><testcase classname="tests.test_refactored_api.TestPublicEndpoints" name="test_cities_returns_4_cities" time="0.177" /><testcase classname="tests.test_refactored_api.TestAdminAuth" name="test_admin_login_success" time="0.360" /><testcase classname="tests.test_refactored_api.TestAdminAuth" name="test_admin_login_invalid_credentials" time="0.132" /><testcase classname="tests.test_refactored_api.TestAdminAuth" name="test_admin_leads_returns_list" time="0.453" /><testcase classname="tests.test_refactored_api.TestAdminAuth" name="test_admin_leads_requires_auth" time="0.127" /><testcase classname="tests.test_refactored_api.TestAdminAuth" name="test_admin_stats_returns_data" time="0.441" /><testcase classname="tests.test_refactored_api.TestBlogEndpoints" name="test_blog_posts_returns_published" time="0.109" /><testcase classname="tests.test_refactored_api.TestBlogEndpoints" name="test_blog_track_view_accepts_event" time="0.113" /><testcase classname="tests.test_refactored_api.TestAnalyticsEndpoints" name="test_analytics_events_accepts_event" time="0.126" /><testcase classname="tests.test_refactored_api.TestAnalyticsEndpoints" name="test_admin_analytics_returns_data" time="0.489" /><testcase classname="tests.test_refactored_api.TestClinicApplicationsEndpoints" name="test_admin_clinic_applications_returns_list" time="0.452" /><testcase classname="tests.test_refactored_api.TestClinicApplicationsEndpoints" name="test_admin_clinic_applications_requires_auth" time="0.099" /><testcase classname="tests.test_refactored_api.TestClinicAuth" name="test_clinic_login_success" time="1.379" /><testcase classname="tests.test_refactored_api.TestClinicAuth" name="test_clinic_profile_returns_info" time="1.490" /><testcase classname="tests.test_refactored_api.TestClinicAuth" name="test_clinic_dashboard_returns_stats" time="1.407" /><testcase classname="tests.test_refactored_api.TestClinicAuth" name="test_clinic_leads_returns_assigned" time="1.449" /><testcase classname="tests.test_refactored_api.TestPasswordRegeneration" name="test_regenerate_password_returns_credentials" time="0.975" /><testcase classname="tests.test_refactored_api.TestVerificationEndpoints" name="test_admin_verifications_returns_records" time="0.460" /><testcase classname="tests.test_refactored_api.TestVerificationEndpoints" name="test_admin_verifications_requires_auth" time="0.107" /><testcase classname="tests.test_refactored_api.TestClinicAccountsEndpoints" name="test_admin_clinic_accounts_returns_list" time="0.424" /><testcase classname="tests.test_refactored_api.TestClinicAccountsEndpoints" name="test_admin_clinic_accounts_requires_auth" time="0.104" /></testsuite></testsuites>