<?xml version="1.0" encoding="utf-8"?><testsuites name="pytest tests"><testsuite name="pytest" errors="0" failures="0" skipped="0" tests="25" time="58.587" timestamp="2026-05-04T05:26:49.136786+00:00" hostname="agent-env-6036ef4e-01d9-4390-b15c-d42791a4a035"><testcase classname="backend.tests.test_security_audit.TestConfig" name="test_jwt_secret_failfast_logic_present" time="0.000" /><testcase classname="backend.tests.test_security_audit.TestCORS" name="test_cors_blocks_evil_origin_at_backend" time="0.003" /><testcase classname="backend.tests.test_security_audit.TestCORS" name="test_cors_allows_preview_url_via_regex_at_backend" time="0.001" /><testcase classname="backend.tests.test_security_audit.TestRateLimits" name="test_admin_login_rate_limit" time="0.633" /><testcase classname="backend.tests.test_security_audit.TestRateLimits" name="test_clinic_login_rate_limit" time="0.674" /><testcase classname="backend.tests.test_security_audit.TestRateLimits" name="test_create_lead_rate_limit" time="0.605" /><testcase classname="backend.tests.test_security_audit.TestRateLimits" name="test_clinic_application_rate_limit" time="1.032" /><testcase classname="backend.tests.test_security_audit.TestRateLimits" name="test_verify_token_rate_limit" time="2.278" /><testcase classname="backend.tests.test_security_audit.TestNoSQLInjection" name="test_assign_clinic_rejects_operator" time="0.447" /><testcase classname="backend.tests.test_security_audit.TestNoSQLInjection" name="test_update_clinic_application_rejects_operator" time="0.106" /><testcase classname="backend.tests.test_security_audit.TestPIIReduction" name="test_get_lead_excludes_pii" time="0.213" /><testcase classname="backend.tests.test_security_audit.TestPIIReduction" name="test_patch_lead_contact_excludes_pii" time="19.584" /><testcase classname="backend.tests.test_security_audit.TestPydanticValidation" name="test_invalid_email_returns_422" time="0.113" /><testcase classname="backend.tests.test_security_audit.TestPydanticValidation" name="test_name_too_long_returns_422" time="0.093" /><testcase classname="backend.tests.test_security_audit.TestPydanticValidation" name="test_page_path_too_long_returns_422" time="19.750" /><testcase classname="backend.tests.test_security_audit.TestWebhookSignature" name="test_missing_signature_rejected" time="0.144" /><testcase classname="backend.tests.test_security_audit.TestWebhookSignature" name="test_invalid_signature_rejected" time="11.314" /><testcase classname="backend.tests.test_security_audit.TestClinicPasswordChange" name="test_short_password_returns_422" time="0.465" /><testcase classname="backend.tests.test_security_audit.TestAdminRegression" name="test_admin_leads" time="0.113" /><testcase classname="backend.tests.test_security_audit.TestAdminRegression" name="test_admin_stats" time="0.107" /><testcase classname="backend.tests.test_security_audit.TestAdminRegression" name="test_admin_clinic_applications_list" time="0.097" /><testcase classname="backend.tests.test_security_audit.TestClinicRegression" name="test_clinic_dashboard" time="0.442" /><testcase classname="backend.tests.test_security_audit.TestClinicRegression" name="test_clinic_leads" time="0.112" /><testcase classname="backend.tests.test_security_audit.TestClinicRegression" name="test_clinic_profile_patch" time="0.109" /><testcase classname="backend.tests.test_security_audit.TestPublicLeadCreate" name="test_create_lead_with_valid_data" time="0.096" /></testsuite></testsuites>