<?xml version="1.0" encoding="utf-8"?><testsuites name="pytest tests"><testsuite name="pytest" errors="0" failures="0" skipped="0" tests="13" time="7.094" timestamp="2026-04-02T06:56:19.683989+00:00" hostname="agent-env-6036ef4e-01d9-4390-b15c-d42791a4a035"><testcase classname="tests.test_lead_verification.TestSendVerification" name="test_send_verification_success" time="1.397" /><testcase classname="tests.test_lead_verification.TestSendVerification" name="test_send_verification_no_email" time="0.712" /><testcase classname="tests.test_lead_verification.TestSendVerification" name="test_send_verification_not_assigned" time="0.601" /><testcase classname="tests.test_lead_verification.TestSendVerification" name="test_send_verification_already_pending" time="1.008" /><testcase classname="tests.test_lead_verification.TestSendVerification" name="test_send_verification_lead_not_found" time="0.102" /><testcase classname="tests.test_lead_verification.TestVerifyEndpoint" name="test_verify_yes_updates_status" time="0.872" /><testcase classname="tests.test_lead_verification.TestVerifyEndpoint" name="test_verify_no_updates_status" time="0.894" /><testcase classname="tests.test_lead_verification.TestVerifyEndpoint" name="test_verify_already_responded" time="0.934" /><testcase classname="tests.test_lead_verification.TestVerifyEndpoint" name="test_verify_invalid_token" time="0.091" /><testcase classname="tests.test_lead_verification.TestAdminVerifications" name="test_get_all_verifications" time="0.104" /><testcase classname="tests.test_lead_verification.TestAdminVerifications" name="test_get_flagged_leads" time="0.104" /><testcase classname="tests.test_lead_verification.TestAdminVerifications" name="test_verifications_requires_auth" time="0.106" /><testcase classname="tests.test_lead_verification.TestAdminVerifications" name="test_flagged_requires_auth" time="0.102" /></testsuite></testsuites>